<?xml version="1.0" encoding="utf-8"?>
<TestRun id="adfcf602-c5b1-4cab-91b1-4a2521a922a6" name="Administrator@DAIKO-B049 2025-02-27 09:59:57" runUser="DAIKO-B049\Administrator" xmlns="http://microsoft.com/schemas/VisualStudio/TeamTest/2010">
  <Times creation="2025-02-27T09:59:57.9754657+09:00" queuing="2025-02-27T09:59:57.9754659+09:00" start="2025-02-27T09:59:53.7971886+09:00" finish="2025-02-27T09:59:57.9840355+09:00" />
  <TestSettings name="default" id="f85b6b81-1555-4c80-ba93-91eeeab9606d">
    <Deployment runDeploymentRoot="Administrator_DAIKO-B049_2025-02-27_09_59_57" />
  </TestSettings>
  <Results>
    <UnitTestResult executionId="d59ec574-5f65-4b72-8f46-aa5dac71e078" testId="9c63ae92-a7ed-d40a-9db8-9436193ef21c" testName="Metroit.Spreadsheet.Utilities.Core.XUnitTests.UnitTest1.A1形式の列文字列から列インデックスに変換する" computerName="DAIKO-B049" duration="00:00:00.3140000" startTime="2025-02-27T09:59:57.3401585+09:00" endTime="2025-02-27T09:59:57.5901678+09:00" testType="13cdc9d9-ddb5-4fa4-a97d-d965ccfc6d4b" outcome="Passed" testListId="8c84fa94-04c1-424b-9868-57a2d4851a1d" relativeResultsDirectory="d59ec574-5f65-4b72-8f46-aa5dac71e078" />
    <UnitTestResult executionId="82ddee73-91d6-492c-9203-07dc138f9238" testId="4f2d184b-3027-373a-8d0e-92fc575f9290" testName="機能が許容する最大セル XFD1048576の変換を行う" computerName="DAIKO-B049" duration="00:00:00.0010000" startTime="2025-02-27T09:59:57.5589124+09:00" endTime="2025-02-27T09:59:57.5745488+09:00" testType="13cdc9d9-ddb5-4fa4-a97d-d965ccfc6d4b" outcome="Passed" testListId="8c84fa94-04c1-424b-9868-57a2d4851a1d" relativeResultsDirectory="82ddee73-91d6-492c-9203-07dc138f9238" />
    <UnitTestResult executionId="7b8c3138-0878-4a07-8beb-eb9facae70ec" testId="6cbc7b45-c9c5-70ae-d792-a7e96f514c37" testName="Metroit.Spreadsheet.Utilities.Core.XUnitTests.UnitTest1.列インデックスからA1形式の列文字列に変換する" computerName="DAIKO-B049" duration="00:00:00.0010000" startTime="2025-02-27T09:59:57.6057799+09:00" endTime="2025-02-27T09:59:57.6057799+09:00" testType="13cdc9d9-ddb5-4fa4-a97d-d965ccfc6d4b" outcome="Passed" testListId="8c84fa94-04c1-424b-9868-57a2d4851a1d" relativeResultsDirectory="7b8c3138-0878-4a07-8beb-eb9facae70ec" />
    <UnitTestResult executionId="f793f6cf-547d-4607-9af6-f9128e7b2daf" testId="95c00b6a-1a7a-cad9-a100-82a38f5413ba" testName="BA - BZ の変換を行う" computerName="DAIKO-B049" duration="00:00:00.2350000" startTime="2025-02-27T09:59:57.3245619+09:00" endTime="2025-02-27T09:59:57.5276698+09:00" testType="13cdc9d9-ddb5-4fa4-a97d-d965ccfc6d4b" outcome="Passed" testListId="8c84fa94-04c1-424b-9868-57a2d4851a1d" relativeResultsDirectory="f793f6cf-547d-4607-9af6-f9128e7b2daf" />
    <UnitTestResult executionId="594a4bba-5202-44cb-ad48-72cf62c13cc7" testId="5dd8002c-1550-1fa3-5821-1afcedf0be08" testName="A - Z の変換を行う" computerName="DAIKO-B049" duration="00:00:00.0010000" startTime="2025-02-27T09:59:57.5589124+09:00" endTime="2025-02-27T09:59:57.5589124+09:00" testType="13cdc9d9-ddb5-4fa4-a97d-d965ccfc6d4b" outcome="Passed" testListId="8c84fa94-04c1-424b-9868-57a2d4851a1d" relativeResultsDirectory="594a4bba-5202-44cb-ad48-72cf62c13cc7" />
    <UnitTestResult executionId="a97a665c-9126-4ea9-b3fb-76812f57b603" testId="c9594381-5133-5a5e-6902-45cd16af6ea6" testName="実行可能なパラメーターかどうか" computerName="DAIKO-B049" duration="00:00:00.0010000" startTime="2025-02-27T09:59:57.5745488+09:00" endTime="2025-02-27T09:59:57.5745488+09:00" testType="13cdc9d9-ddb5-4fa4-a97d-d965ccfc6d4b" outcome="Passed" testListId="8c84fa94-04c1-424b-9868-57a2d4851a1d" relativeResultsDirectory="a97a665c-9126-4ea9-b3fb-76812f57b603" />
    <UnitTestResult executionId="676342e2-40f1-4cf8-aa74-ecd467a3677d" testId="e8dac0e7-ac0d-9b3c-25a8-ca4533734529" testName="xlsx の最大セル XFD1048576の変換を行う" computerName="DAIKO-B049" duration="00:00:00.0010000" startTime="2025-02-27T09:59:57.5589124+09:00" endTime="2025-02-27T09:59:57.5589124+09:00" testType="13cdc9d9-ddb5-4fa4-a97d-d965ccfc6d4b" outcome="Passed" testListId="8c84fa94-04c1-424b-9868-57a2d4851a1d" relativeResultsDirectory="676342e2-40f1-4cf8-aa74-ecd467a3677d" />
    <UnitTestResult executionId="856e1cdf-4c2b-450b-853e-94698f1459c9" testId="8b91a5a0-9ce4-4f04-22d9-41397fb5a128" testName="Metroit.Spreadsheet.Utilities.Core.XUnitTests.UnitTest1.R1C1形式の値からA1形式の文字列に変換する" computerName="DAIKO-B049" duration="00:00:00.0010000" startTime="2025-02-27T09:59:57.6057799+09:00" endTime="2025-02-27T09:59:57.6057799+09:00" testType="13cdc9d9-ddb5-4fa4-a97d-d965ccfc6d4b" outcome="Passed" testListId="8c84fa94-04c1-424b-9868-57a2d4851a1d" relativeResultsDirectory="856e1cdf-4c2b-450b-853e-94698f1459c9" />
  </Results>
  <TestDefinitions>
    <UnitTest name="BA - BZ の変換を行う" storage="d:\app\github\metroit.spreadsheet.utilities.core\src\tests\metroit.spreadsheet.utilities.core.test\bin\debug\net481\metroit.spreadsheet.utilities.core.tests.dll" id="95c00b6a-1a7a-cad9-a100-82a38f5413ba">
      <Execution id="f793f6cf-547d-4607-9af6-f9128e7b2daf" />
      <TestMethod codeBase="D:\App\GitHub\Metroit.Spreadsheet.Utilities.Core\src\Tests\Metroit.Spreadsheet.Utilities.Core.Test\bin\Debug\net481\Metroit.Spreadsheet.Utilities.Core.Tests.dll" adapterTypeName="executor://xunit/VsTestRunner3/netfx/" className="Metroit.Spreadsheet.Utilities.Core.Tests.MetSsConvertTest" name="TestCase003" />
    </UnitTest>
    <UnitTest name="機能が許容する最大セル XFD1048576の変換を行う" storage="d:\app\github\metroit.spreadsheet.utilities.core\src\tests\metroit.spreadsheet.utilities.core.test\bin\debug\net481\metroit.spreadsheet.utilities.core.tests.dll" id="4f2d184b-3027-373a-8d0e-92fc575f9290">
      <Execution id="82ddee73-91d6-492c-9203-07dc138f9238" />
      <TestMethod codeBase="D:\App\GitHub\Metroit.Spreadsheet.Utilities.Core\src\Tests\Metroit.Spreadsheet.Utilities.Core.Test\bin\Debug\net481\Metroit.Spreadsheet.Utilities.Core.Tests.dll" adapterTypeName="executor://xunit/VsTestRunner3/netfx/" className="Metroit.Spreadsheet.Utilities.Core.Tests.MetSsConvertTest" name="TestCase005" />
    </UnitTest>
    <UnitTest name="Metroit.Spreadsheet.Utilities.Core.XUnitTests.UnitTest1.A1形式の列文字列から列インデックスに変換する" storage="d:\app\github\metroit.spreadsheet.utilities.core\src\tests\metroit.spreadsheet.utilities.core.test\bin\debug\net481\metroit.spreadsheet.utilities.core.tests.dll" id="9c63ae92-a7ed-d40a-9db8-9436193ef21c">
      <Execution id="d59ec574-5f65-4b72-8f46-aa5dac71e078" />
      <TestMethod codeBase="D:\App\GitHub\Metroit.Spreadsheet.Utilities.Core\src\Tests\Metroit.Spreadsheet.Utilities.Core.Test\bin\Debug\net481\Metroit.Spreadsheet.Utilities.Core.Tests.dll" adapterTypeName="executor://xunit/VsTestRunner3/netfx/" className="Metroit.Spreadsheet.Utilities.Core.XUnitTests.UnitTest1" name="A1形式の列文字列から列インデックスに変換する" />
    </UnitTest>
    <UnitTest name="Metroit.Spreadsheet.Utilities.Core.XUnitTests.UnitTest1.列インデックスからA1形式の列文字列に変換する" storage="d:\app\github\metroit.spreadsheet.utilities.core\src\tests\metroit.spreadsheet.utilities.core.test\bin\debug\net481\metroit.spreadsheet.utilities.core.tests.dll" id="6cbc7b45-c9c5-70ae-d792-a7e96f514c37">
      <Execution id="7b8c3138-0878-4a07-8beb-eb9facae70ec" />
      <TestMethod codeBase="D:\App\GitHub\Metroit.Spreadsheet.Utilities.Core\src\Tests\Metroit.Spreadsheet.Utilities.Core.Test\bin\Debug\net481\Metroit.Spreadsheet.Utilities.Core.Tests.dll" adapterTypeName="executor://xunit/VsTestRunner3/netfx/" className="Metroit.Spreadsheet.Utilities.Core.XUnitTests.UnitTest1" name="列インデックスからA1形式の列文字列に変換する" />
    </UnitTest>
    <UnitTest name="実行可能なパラメーターかどうか" storage="d:\app\github\metroit.spreadsheet.utilities.core\src\tests\metroit.spreadsheet.utilities.core.test\bin\debug\net481\metroit.spreadsheet.utilities.core.tests.dll" id="c9594381-5133-5a5e-6902-45cd16af6ea6">
      <Execution id="a97a665c-9126-4ea9-b3fb-76812f57b603" />
      <TestMethod codeBase="D:\App\GitHub\Metroit.Spreadsheet.Utilities.Core\src\Tests\Metroit.Spreadsheet.Utilities.Core.Test\bin\Debug\net481\Metroit.Spreadsheet.Utilities.Core.Tests.dll" adapterTypeName="executor://xunit/VsTestRunner3/netfx/" className="Metroit.Spreadsheet.Utilities.Core.Tests.MetSsConvertTest" name="TestCase001" />
    </UnitTest>
    <UnitTest name="Metroit.Spreadsheet.Utilities.Core.XUnitTests.UnitTest1.R1C1形式の値からA1形式の文字列に変換する" storage="d:\app\github\metroit.spreadsheet.utilities.core\src\tests\metroit.spreadsheet.utilities.core.test\bin\debug\net481\metroit.spreadsheet.utilities.core.tests.dll" id="8b91a5a0-9ce4-4f04-22d9-41397fb5a128">
      <Execution id="856e1cdf-4c2b-450b-853e-94698f1459c9" />
      <TestMethod codeBase="D:\App\GitHub\Metroit.Spreadsheet.Utilities.Core\src\Tests\Metroit.Spreadsheet.Utilities.Core.Test\bin\Debug\net481\Metroit.Spreadsheet.Utilities.Core.Tests.dll" adapterTypeName="executor://xunit/VsTestRunner3/netfx/" className="Metroit.Spreadsheet.Utilities.Core.XUnitTests.UnitTest1" name="R1C1形式の値からA1形式の文字列に変換する" />
    </UnitTest>
    <UnitTest name="xlsx の最大セル XFD1048576の変換を行う" storage="d:\app\github\metroit.spreadsheet.utilities.core\src\tests\metroit.spreadsheet.utilities.core.test\bin\debug\net481\metroit.spreadsheet.utilities.core.tests.dll" id="e8dac0e7-ac0d-9b3c-25a8-ca4533734529">
      <Execution id="676342e2-40f1-4cf8-aa74-ecd467a3677d" />
      <TestMethod codeBase="D:\App\GitHub\Metroit.Spreadsheet.Utilities.Core\src\Tests\Metroit.Spreadsheet.Utilities.Core.Test\bin\Debug\net481\Metroit.Spreadsheet.Utilities.Core.Tests.dll" adapterTypeName="executor://xunit/VsTestRunner3/netfx/" className="Metroit.Spreadsheet.Utilities.Core.Tests.MetSsConvertTest" name="TestCase004" />
    </UnitTest>
    <UnitTest name="A - Z の変換を行う" storage="d:\app\github\metroit.spreadsheet.utilities.core\src\tests\metroit.spreadsheet.utilities.core.test\bin\debug\net481\metroit.spreadsheet.utilities.core.tests.dll" id="5dd8002c-1550-1fa3-5821-1afcedf0be08">
      <Execution id="594a4bba-5202-44cb-ad48-72cf62c13cc7" />
      <TestMethod codeBase="D:\App\GitHub\Metroit.Spreadsheet.Utilities.Core\src\Tests\Metroit.Spreadsheet.Utilities.Core.Test\bin\Debug\net481\Metroit.Spreadsheet.Utilities.Core.Tests.dll" adapterTypeName="executor://xunit/VsTestRunner3/netfx/" className="Metroit.Spreadsheet.Utilities.Core.Tests.MetSsConvertTest" name="TestCase002" />
    </UnitTest>
  </TestDefinitions>
  <TestEntries>
    <TestEntry testId="9c63ae92-a7ed-d40a-9db8-9436193ef21c" executionId="d59ec574-5f65-4b72-8f46-aa5dac71e078" testListId="8c84fa94-04c1-424b-9868-57a2d4851a1d" />
    <TestEntry testId="4f2d184b-3027-373a-8d0e-92fc575f9290" executionId="82ddee73-91d6-492c-9203-07dc138f9238" testListId="8c84fa94-04c1-424b-9868-57a2d4851a1d" />
    <TestEntry testId="6cbc7b45-c9c5-70ae-d792-a7e96f514c37" executionId="7b8c3138-0878-4a07-8beb-eb9facae70ec" testListId="8c84fa94-04c1-424b-9868-57a2d4851a1d" />
    <TestEntry testId="95c00b6a-1a7a-cad9-a100-82a38f5413ba" executionId="f793f6cf-547d-4607-9af6-f9128e7b2daf" testListId="8c84fa94-04c1-424b-9868-57a2d4851a1d" />
    <TestEntry testId="5dd8002c-1550-1fa3-5821-1afcedf0be08" executionId="594a4bba-5202-44cb-ad48-72cf62c13cc7" testListId="8c84fa94-04c1-424b-9868-57a2d4851a1d" />
    <TestEntry testId="c9594381-5133-5a5e-6902-45cd16af6ea6" executionId="a97a665c-9126-4ea9-b3fb-76812f57b603" testListId="8c84fa94-04c1-424b-9868-57a2d4851a1d" />
    <TestEntry testId="e8dac0e7-ac0d-9b3c-25a8-ca4533734529" executionId="676342e2-40f1-4cf8-aa74-ecd467a3677d" testListId="8c84fa94-04c1-424b-9868-57a2d4851a1d" />
    <TestEntry testId="8b91a5a0-9ce4-4f04-22d9-41397fb5a128" executionId="856e1cdf-4c2b-450b-853e-94698f1459c9" testListId="8c84fa94-04c1-424b-9868-57a2d4851a1d" />
  </TestEntries>
  <TestLists>
    <TestList name="一覧に存在しない結果" id="8c84fa94-04c1-424b-9868-57a2d4851a1d" />
    <TestList name="読み込まれたすべての結果" id="19431567-8539-422a-85d7-44ee4e166bda" />
  </TestLists>
  <ResultSummary outcome="Completed">
    <Counters total="8" executed="8" passed="8" failed="0" error="0" timeout="0" aborted="0" inconclusive="0" passedButRunAborted="0" notRunnable="0" notExecuted="0" disconnected="0" warning="0" completed="0" inProgress="0" pending="0" />
    <Output>
      <StdOut>[xUnit.net 00:00:00.00] xUnit.net VSTest Adapter v3.0.2+dd36e86129 (64-bit .NET Framework 4.8.9290.0)&#xD;
[xUnit.net 00:00:01.54]   Discovering: Metroit.Spreadsheet.Utilities.Core.Tests&#xD;
[xUnit.net 00:00:01.64]   Discovered:  Metroit.Spreadsheet.Utilities.Core.Tests&#xD;
[xUnit.net 00:00:01.70]   Starting:    Metroit.Spreadsheet.Utilities.Core.Tests&#xD;
[xUnit.net 00:00:02.10]   Finished:    Metroit.Spreadsheet.Utilities.Core.Tests&#xD;
</StdOut>
    </Output>
    <CollectorDataEntries>
      <Collector agentName="DAIKO-B049" uri="datacollector://microsoft/CoverletCodeCoverage/1.0" collectorDisplayName="XPlat code coverage">
        <UriAttachments>
          <UriAttachment>
            <A href="DAIKO-B049\coverage.cobertura.xml"></A>
          </UriAttachment>
        </UriAttachments>
      </Collector>
    </CollectorDataEntries>
  </ResultSummary>
</TestRun>